:- Starting preprocessing job...
:- Python environment: /cluster/home/lcarretero/python_envs/rds-misc
:- Current directory: /cluster/home/lcarretero/workspace/rds/HEMEW3D/GenCFD-prep
:- Running script: preprocess.py

Processing files:   0%|          | 0/300 [00:00<?, ?it/s]
Processing files:   0%|          | 1/300 [00:10<50:01, 10.04s/it]
Processing files:   1%|          | 2/300 [00:19<48:45,  9.82s/it]
Processing files:   1%|          | 3/300 [00:30<51:04, 10.32s/it]
Processing files:   1%|▏         | 4/300 [00:40<50:12, 10.18s/it]
Processing files:   2%|▏         | 5/300 [00:50<49:31, 10.07s/it]
Processing files:   2%|▏         | 6/300 [01:00<49:01, 10.01s/it]
Processing files:   2%|▏         | 7/300 [01:10<49:32, 10.15s/it]
Processing files:   3%|▎         | 8/300 [01:20<49:27, 10.16s/it]
Processing files:   3%|▎         | 9/300 [01:30<48:16,  9.95s/it]
Processing files:   3%|▎         | 10/300 [01:39<47:19,  9.79s/it]
Processing files:   4%|▎         | 11/300 [01:48<44:51,  9.31s/it]
Processing files:   4%|▍         | 12/300 [01:58<45:45,  9.53s/it]
Processing files:   4%|▍         | 13/300 [02:08<46:29,  9.72s/it]
Processing files:   5%|▍         | 14/300 [02:19<48:57, 10.27s/it]
Processing files:   5%|▌         | 15/300 [02:32<51:47, 10.90s/it]
Processing files:   5%|▌         | 16/300 [02:44<53:12, 11.24s/it]
Processing files:   6%|▌         | 17/300 [02:57<56:10, 11.91s/it]
Processing files:   6%|▌         | 18/300 [03:10<57:21, 12.20s/it]
Processing files:   6%|▋         | 19/300 [03:23<58:17, 12.45s/it]
Processing files:   7%|▋         | 20/300 [03:36<58:24, 12.52s/it]
Processing files:   7%|▋         | 21/300 [03:46<55:22, 11.91s/it]
Processing files:   7%|▋         | 22/300 [03:58<55:34, 12.00s/it]
Processing files:   8%|▊         | 23/300 [04:10<54:56, 11.90s/it]
Processing files:   8%|▊         | 24/300 [04:22<54:15, 11.80s/it]
Processing files:   8%|▊         | 25/300 [04:33<52:55, 11.55s/it]
Processing files:   9%|▊         | 26/300 [04:45<53:34, 11.73s/it]
Processing files:   9%|▉         | 27/300 [04:55<51:05, 11.23s/it]
Processing files:   9%|▉         | 28/300 [05:06<50:58, 11.25s/it]
Processing files:  10%|▉         | 29/300 [05:17<50:28, 11.18s/it]
Processing files:  10%|█         | 30/300 [05:26<47:22, 10.53s/it]
Processing files:  10%|█         | 31/300 [05:35<44:45,  9.98s/it]
Processing files:  11%|█         | 32/300 [05:44<43:49,  9.81s/it]
Processing files:  11%|█         | 33/300 [05:54<42:53,  9.64s/it]
Processing files:  11%|█▏        | 34/300 [06:04<43:10,  9.74s/it]
Processing files:  12%|█▏        | 35/300 [06:13<43:11,  9.78s/it]
Processing files:  12%|█▏        | 36/300 [06:22<40:56,  9.30s/it]
Processing files:  12%|█▏        | 37/300 [06:32<42:09,  9.62s/it]
Processing files:  13%|█▎        | 38/300 [06:44<44:48, 10.26s/it]
Processing files:  13%|█▎        | 39/300 [06:55<46:31, 10.69s/it]
Processing files:  13%|█▎        | 40/300 [07:08<48:16, 11.14s/it]
Processing files:  14%|█▎        | 41/300 [07:20<49:28, 11.46s/it]
Processing files:  14%|█▍        | 42/300 [07:32<50:49, 11.82s/it]
Processing files:  14%|█▍        | 43/300 [07:45<51:27, 12.01s/it]
Processing files:  15%|█▍        | 44/300 [07:57<51:01, 11.96s/it]
Processing files:  15%|█▌        | 45/300 [08:08<50:21, 11.85s/it]
Processing files:  15%|█▌        | 46/300 [08:22<52:18, 12.36s/it]
Processing files:  16%|█▌        | 47/300 [08:34<51:42, 12.26s/it]
Processing files:  16%|█▌        | 48/300 [08:45<50:21, 11.99s/it]
Processing files:  16%|█▋        | 49/300 [08:54<46:29, 11.11s/it]
Processing files:  17%|█▋        | 50/300 [09:04<44:23, 10.65s/it]
Processing files:  17%|█▋        | 51/300 [09:16<45:46, 11.03s/it]
Processing files:  17%|█▋        | 52/300 [09:25<43:07, 10.43s/it]
Processing files:  18%|█▊        | 53/300 [09:34<41:36, 10.11s/it]
Processing files:  18%|█▊        | 54/300 [09:44<40:58,  9.99s/it]
Processing files:  18%|█▊        | 55/300 [09:53<39:09,  9.59s/it]
Processing files:  19%|█▊        | 56/300 [10:01<38:04,  9.36s/it]
Processing files:  19%|█▉        | 57/300 [10:10<37:25,  9.24s/it]
Processing files:  19%|█▉        | 58/300 [10:22<40:37, 10.07s/it]
Processing files:  20%|█▉        | 59/300 [10:34<41:54, 10.43s/it]
Processing files:  20%|██        | 60/300 [10:42<39:43,  9.93s/it]
Processing files:  20%|██        | 61/300 [10:53<40:20, 10.13s/it]
Processing files:  21%|██        | 62/300 [11:02<38:29,  9.70s/it]
Processing files:  21%|██        | 63/300 [11:11<38:06,  9.65s/it]
Processing files:  21%|██▏       | 64/300 [11:22<39:39, 10.08s/it]
Processing files:  22%|██▏       | 65/300 [11:33<40:37, 10.37s/it]
Processing files:  22%|██▏       | 66/300 [11:45<41:26, 10.63s/it]
Processing files:  22%|██▏       | 67/300 [11:57<43:38, 11.24s/it]
Processing files:  23%|██▎       | 68/300 [12:07<42:05, 10.88s/it]
Processing files:  23%|██▎       | 69/300 [12:20<43:59, 11.43s/it]
Processing files:  23%|██▎       | 70/300 [12:32<44:44, 11.67s/it]
Processing files:  24%|██▎       | 71/300 [12:44<44:44, 11.72s/it]
Processing files:  24%|██▍       | 72/300 [12:58<47:12, 12.42s/it]
Processing files:  24%|██▍       | 73/300 [13:11<47:38, 12.59s/it]
Processing files:  25%|██▍       | 74/300 [13:25<49:20, 13.10s/it]
Processing files:  25%|██▌       | 75/300 [13:39<50:01, 13.34s/it]
Processing files:  25%|██▌       | 76/300 [13:51<48:04, 12.88s/it]
Processing files:  26%|██▌       | 77/300 [14:01<44:07, 11.87s/it]
Processing files:  26%|██▌       | 78/300 [14:10<41:02, 11.09s/it]
Processing files:  26%|██▋       | 79/300 [14:24<44:06, 11.97s/it]
Processing files:  27%|██▋       | 80/300 [14:33<41:01, 11.19s/it]
Processing files:  27%|██▋       | 81/300 [14:48<44:38, 12.23s/it]
Processing files:  27%|██▋       | 82/300 [15:00<44:14, 12.18s/it]
Processing files:  28%|██▊       | 83/300 [15:14<45:45, 12.65s/it]
Processing files:  28%|██▊       | 84/300 [15:26<44:53, 12.47s/it]
Processing files:  28%|██▊       | 85/300 [15:38<44:29, 12.41s/it]
Processing files:  29%|██▊       | 86/300 [15:50<43:41, 12.25s/it]
Processing files:  29%|██▉       | 87/300 [16:04<45:24, 12.79s/it]
Processing files:  29%|██▉       | 88/300 [16:14<42:06, 11.92s/it]
Processing files:  30%|██▉       | 89/300 [16:23<39:10, 11.14s/it]
Processing files:  30%|███       | 90/300 [16:33<37:58, 10.85s/it]
Processing files:  30%|███       | 91/300 [16:42<35:43, 10.26s/it]
Processing files:  31%|███       | 92/300 [16:51<34:08,  9.85s/it]
Processing files:  31%|███       | 93/300 [17:01<33:26,  9.69s/it]
Processing files:  31%|███▏      | 94/300 [17:10<33:07,  9.65s/it]
Processing files:  32%|███▏      | 95/300 [17:21<34:17, 10.04s/it]
Processing files:  32%|███▏      | 96/300 [17:32<34:33, 10.17s/it]
Processing files:  32%|███▏      | 97/300 [17:41<33:12,  9.81s/it]
Processing files:  33%|███▎      | 98/300 [17:49<32:03,  9.52s/it]
Processing files:  33%|███▎      | 99/300 [17:59<31:37,  9.44s/it]
Processing files:  33%|███▎      | 100/300 [18:07<30:38,  9.19s/it]
Processing files:  34%|███▎      | 101/300 [18:16<30:18,  9.14s/it]
Processing files:  34%|███▍      | 102/300 [18:26<30:27,  9.23s/it]
Processing files:  34%|███▍      | 103/300 [18:34<29:53,  9.11s/it]
Processing files:  35%|███▍      | 104/300 [18:43<29:27,  9.02s/it]
Processing files:  35%|███▌      | 105/300 [18:54<30:49,  9.48s/it]
Processing files:  35%|███▌      | 106/300 [19:05<32:25, 10.03s/it]
Processing files:  36%|███▌      | 107/300 [19:16<32:49, 10.20s/it]
Processing files:  36%|███▌      | 108/300 [19:27<33:56, 10.61s/it]
Processing files:  36%|███▋      | 109/300 [19:36<31:44,  9.97s/it]
Processing files:  37%|███▋      | 110/300 [19:46<32:08, 10.15s/it]
Processing files:  37%|███▋      | 111/300 [19:58<33:19, 10.58s/it]
Processing files:  37%|███▋      | 112/300 [20:07<31:33, 10.07s/it]
Processing files:  38%|███▊      | 113/300 [20:16<30:16,  9.71s/it]
Processing files:  38%|███▊      | 114/300 [20:26<30:38,  9.88s/it]
Processing files:  38%|███▊      | 115/300 [20:37<31:16, 10.14s/it]
Processing files:  39%|███▊      | 116/300 [20:47<31:30, 10.28s/it]
Processing files:  39%|███▉      | 117/300 [20:59<32:21, 10.61s/it]
Processing files:  39%|███▉      | 118/300 [21:07<30:10,  9.95s/it]
Processing files:  40%|███▉      | 119/300 [21:16<28:36,  9.49s/it]
Processing files:  40%|████      | 120/300 [21:24<27:19,  9.11s/it]
Processing files:  40%|████      | 121/300 [21:32<26:15,  8.80s/it]
Processing files:  41%|████      | 122/300 [21:40<25:09,  8.48s/it]
Processing files:  41%|████      | 123/300 [21:48<25:00,  8.48s/it]
Processing files:  41%|████▏     | 124/300 [21:56<24:23,  8.32s/it]
Processing files:  42%|████▏     | 125/300 [22:05<24:42,  8.47s/it]
Processing files:  42%|████▏     | 126/300 [22:13<24:06,  8.31s/it]
Processing files:  42%|████▏     | 127/300 [22:22<24:30,  8.50s/it]
Processing files:  43%|████▎     | 128/300 [22:31<25:20,  8.84s/it]
Processing files:  43%|████▎     | 129/300 [22:41<25:29,  8.95s/it]
Processing files:  43%|████▎     | 130/300 [22:49<24:44,  8.73s/it]
Processing files:  44%|████▎     | 131/300 [22:58<25:20,  9.00s/it]
Processing files:  44%|████▍     | 132/300 [23:08<25:30,  9.11s/it]
Processing files:  44%|████▍     | 133/300 [23:17<25:26,  9.14s/it]
Processing files:  45%|████▍     | 134/300 [23:25<24:20,  8.80s/it]
Processing files:  45%|████▌     | 135/300 [23:35<25:01,  9.10s/it]
Processing files:  45%|████▌     | 136/300 [23:44<24:55,  9.12s/it]
Processing files:  46%|████▌     | 137/300 [23:54<25:20,  9.33s/it]
Processing files:  46%|████▌     | 138/300 [24:04<25:33,  9.47s/it]
Processing files:  46%|████▋     | 139/300 [24:13<25:37,  9.55s/it]
Processing files:  47%|████▋     | 140/300 [24:23<25:26,  9.54s/it]
Processing files:  47%|████▋     | 141/300 [24:32<25:20,  9.57s/it]
Processing files:  47%|████▋     | 142/300 [24:41<24:41,  9.38s/it]
Processing files:  48%|████▊     | 143/300 [24:49<22:56,  8.77s/it]
Processing files:  48%|████▊     | 144/300 [24:57<22:14,  8.55s/it]
Processing files:  48%|████▊     | 145/300 [25:04<21:14,  8.22s/it]
Processing files:  49%|████▊     | 146/300 [25:13<21:13,  8.27s/it]
Processing files:  49%|████▉     | 147/300 [25:21<21:26,  8.41s/it]
Processing files:  49%|████▉     | 148/300 [25:29<20:27,  8.08s/it]
Processing files:  50%|████▉     | 149/300 [25:36<20:01,  7.96s/it]
Processing files:  50%|█████     | 150/300 [25:44<19:34,  7.83s/it]
Processing files:  50%|█████     | 151/300 [25:53<20:41,  8.33s/it]
Processing files:  51%|█████     | 152/300 [26:04<21:59,  8.92s/it]
Processing files:  51%|█████     | 153/300 [26:12<21:29,  8.77s/it]
Processing files:  51%|█████▏    | 154/300 [26:22<22:25,  9.21s/it]
Processing files:  52%|█████▏    | 155/300 [26:31<21:39,  8.97s/it]
Processing files:  52%|█████▏    | 156/300 [26:39<21:10,  8.82s/it]
Processing files:  52%|█████▏    | 157/300 [26:47<20:28,  8.59s/it]
Processing files:  53%|█████▎    | 158/300 [26:56<20:07,  8.50s/it]
Processing files:  53%|█████▎    | 159/300 [27:03<19:24,  8.26s/it]
Processing files:  53%|█████▎    | 160/300 [27:12<19:26,  8.33s/it]
Processing files:  54%|█████▎    | 161/300 [27:21<20:02,  8.65s/it]
Processing files:  54%|█████▍    | 162/300 [27:30<19:42,  8.57s/it]
Processing files:  54%|█████▍    | 163/300 [27:38<19:24,  8.50s/it]
Processing files:  55%|█████▍    | 164/300 [27:47<19:45,  8.72s/it]
Processing files:  55%|█████▌    | 165/300 [27:55<18:47,  8.35s/it]
Processing files:  55%|█████▌    | 166/300 [28:03<18:23,  8.24s/it]
Processing files:  56%|█████▌    | 167/300 [28:11<18:20,  8.27s/it]
Processing files:  56%|█████▌    | 168/300 [28:21<19:14,  8.74s/it]
Processing files:  56%|█████▋    | 169/300 [28:31<19:48,  9.08s/it]
Processing files:  57%|█████▋    | 170/300 [28:41<20:14,  9.35s/it]
Processing files:  57%|█████▋    | 171/300 [28:50<20:19,  9.45s/it]
Processing files:  57%|█████▋    | 172/300 [29:00<20:27,  9.59s/it]
Processing files:  58%|█████▊    | 173/300 [29:09<19:30,  9.22s/it]
Processing files:  58%|█████▊    | 174/300 [29:17<18:47,  8.95s/it]
Processing files:  58%|█████▊    | 175/300 [29:26<18:53,  9.07s/it]
Processing files:  59%|█████▊    | 176/300 [29:35<18:47,  9.09s/it]
Processing files:  59%|█████▉    | 177/300 [29:45<19:07,  9.33s/it]
Processing files:  59%|█████▉    | 178/300 [29:56<19:38,  9.66s/it]
Processing files:  60%|█████▉    | 179/300 [30:05<19:26,  9.64s/it]
Processing files:  60%|██████    | 180/300 [30:16<19:38,  9.82s/it]
Processing files:  60%|██████    | 181/300 [30:26<19:39,  9.91s/it]
Processing files:  61%|██████    | 182/300 [30:36<19:40, 10.00s/it]
Processing files:  61%|██████    | 183/300 [30:46<19:45, 10.14s/it]
Processing files:  61%|██████▏   | 184/300 [30:56<19:07,  9.89s/it]
Processing files:  62%|██████▏   | 185/300 [31:06<19:12, 10.02s/it]
Processing files:  62%|██████▏   | 186/300 [31:15<18:36,  9.79s/it]
Processing files:  62%|██████▏   | 187/300 [31:25<18:14,  9.68s/it]
Processing files:  63%|██████▎   | 188/300 [31:35<18:13,  9.76s/it]
Processing files:  63%|██████▎   | 189/300 [31:44<17:41,  9.56s/it]
Processing files:  63%|██████▎   | 190/300 [31:53<17:10,  9.36s/it]
Processing files:  64%|██████▎   | 191/300 [32:01<16:42,  9.19s/it]
Processing files:  64%|██████▍   | 192/300 [32:10<16:21,  9.09s/it]
Processing files:  64%|██████▍   | 193/300 [32:18<15:34,  8.73s/it]
Processing files:  65%|██████▍   | 194/300 [32:27<15:22,  8.70s/it]
Processing files:  65%|██████▌   | 195/300 [32:35<14:57,  8.55s/it]
Processing files:  65%|██████▌   | 196/300 [32:44<14:59,  8.65s/it]
Processing files:  66%|██████▌   | 197/300 [32:53<14:52,  8.67s/it]
Processing files:  66%|██████▌   | 198/300 [33:01<14:31,  8.55s/it]
Processing files:  66%|██████▋   | 199/300 [33:09<14:18,  8.50s/it]
Processing files:  67%|██████▋   | 200/300 [33:17<13:58,  8.39s/it]
Processing files:  67%|██████▋   | 201/300 [33:25<13:32,  8.20s/it]
Processing files:  67%|██████▋   | 202/300 [33:32<13:01,  7.97s/it]
Processing files:  68%|██████▊   | 203/300 [33:40<12:51,  7.95s/it]
Processing files:  68%|██████▊   | 204/300 [33:48<12:46,  7.99s/it]
Processing files:  68%|██████▊   | 205/300 [33:58<13:33,  8.56s/it]
Processing files:  69%|██████▊   | 206/300 [34:08<13:57,  8.91s/it]
Processing files:  69%|██████▉   | 207/300 [34:16<13:32,  8.74s/it]
Processing files:  69%|██████▉   | 208/300 [34:26<13:53,  9.06s/it]
Processing files:  70%|██████▉   | 209/300 [34:36<14:08,  9.32s/it]
Processing files:  70%|███████   | 210/300 [34:45<13:58,  9.31s/it]
Processing files:  70%|███████   | 211/300 [34:55<13:49,  9.31s/it]
Processing files:  71%|███████   | 212/300 [35:03<13:21,  9.11s/it]
Processing files:  71%|███████   | 213/300 [35:12<13:08,  9.06s/it]
Processing files:  71%|███████▏  | 214/300 [35:21<12:42,  8.86s/it]
Processing files:  72%|███████▏  | 215/300 [35:29<12:23,  8.75s/it]
Processing files:  72%|███████▏  | 216/300 [35:38<12:25,  8.87s/it]
Processing files:  72%|███████▏  | 217/300 [35:47<12:15,  8.86s/it]
Processing files:  73%|███████▎  | 218/300 [35:56<12:03,  8.82s/it]
Processing files:  73%|███████▎  | 219/300 [36:04<11:39,  8.63s/it]
Processing files:  73%|███████▎  | 220/300 [36:12<11:21,  8.52s/it]
Processing files:  74%|███████▎  | 221/300 [36:20<11:01,  8.38s/it]
Processing files:  74%|███████▍  | 222/300 [36:29<10:51,  8.35s/it]
Processing files:  74%|███████▍  | 223/300 [36:37<10:47,  8.41s/it]
Processing files:  75%|███████▍  | 224/300 [36:46<10:41,  8.43s/it]
Processing files:  75%|███████▌  | 225/300 [36:54<10:29,  8.39s/it]
Processing files:  75%|███████▌  | 226/300 [37:02<10:21,  8.40s/it]
Processing files:  76%|███████▌  | 227/300 [37:11<10:15,  8.43s/it]
Processing files:  76%|███████▌  | 228/300 [37:18<09:38,  8.04s/it]
Processing files:  76%|███████▋  | 229/300 [37:25<09:12,  7.78s/it]
Processing files:  77%|███████▋  | 230/300 [37:33<08:53,  7.62s/it]
Processing files:  77%|███████▋  | 231/300 [37:40<08:40,  7.55s/it]
Processing files:  77%|███████▋  | 232/300 [37:48<08:44,  7.72s/it]
Processing files:  78%|███████▊  | 233/300 [37:56<08:43,  7.81s/it]
Processing files:  78%|███████▊  | 234/300 [38:04<08:29,  7.71s/it]
Processing files:  78%|███████▊  | 235/300 [38:12<08:39,  7.99s/it]
Processing files:  79%|███████▊  | 236/300 [38:21<08:48,  8.25s/it]
Processing files:  79%|███████▉  | 237/300 [38:29<08:39,  8.24s/it]
Processing files:  79%|███████▉  | 238/300 [38:38<08:31,  8.26s/it]
Processing files:  80%|███████▉  | 239/300 [38:46<08:20,  8.20s/it]
Processing files:  80%|████████  | 240/300 [38:54<08:17,  8.30s/it]
Processing files:  80%|████████  | 241/300 [39:02<08:08,  8.28s/it]
Processing files:  81%|████████  | 242/300 [39:11<07:58,  8.24s/it]
Processing files:  81%|████████  | 243/300 [39:19<07:50,  8.25s/it]
Processing files:  81%|████████▏ | 244/300 [39:27<07:43,  8.27s/it]
Processing files:  82%|████████▏ | 245/300 [39:35<07:34,  8.27s/it]
Processing files:  82%|████████▏ | 246/300 [39:44<07:25,  8.25s/it]
Processing files:  82%|████████▏ | 247/300 [39:52<07:16,  8.24s/it]
Processing files:  83%|████████▎ | 248/300 [40:00<07:02,  8.12s/it]
Processing files:  83%|████████▎ | 249/300 [40:07<06:45,  7.94s/it]
Processing files:  83%|████████▎ | 250/300 [40:15<06:37,  7.95s/it]
Processing files:  84%|████████▎ | 251/300 [40:23<06:21,  7.78s/it]
Processing files:  84%|████████▍ | 252/300 [40:30<06:10,  7.71s/it]
Processing files:  84%|████████▍ | 253/300 [40:38<06:11,  7.90s/it]
Processing files:  85%|████████▍ | 254/300 [40:46<05:53,  7.70s/it]
Processing files:  85%|████████▌ | 255/300 [40:53<05:37,  7.51s/it]
Processing files:  85%|████████▌ | 256/300 [41:00<05:27,  7.43s/it]
Processing files:  86%|████████▌ | 257/300 [41:07<05:15,  7.33s/it]
Processing files:  86%|████████▌ | 258/300 [41:14<05:04,  7.26s/it]
Processing files:  86%|████████▋ | 259/300 [41:21<04:58,  7.28s/it]
Processing files:  87%|████████▋ | 260/300 [41:29<04:51,  7.29s/it]
Processing files:  87%|████████▋ | 261/300 [41:36<04:44,  7.29s/it]
Processing files:  87%|████████▋ | 262/300 [41:44<04:49,  7.62s/it]
Processing files:  88%|████████▊ | 263/300 [41:53<04:47,  7.78s/it]
Processing files:  88%|████████▊ | 264/300 [42:01<04:42,  7.84s/it]
Processing files:  88%|████████▊ | 265/300 [42:09<04:42,  8.07s/it]
Processing files:  89%|████████▊ | 266/300 [42:17<04:32,  8.03s/it]
Processing files:  89%|████████▉ | 267/300 [42:25<04:27,  8.09s/it]
Processing files:  89%|████████▉ | 268/300 [42:34<04:22,  8.19s/it]
Processing files:  90%|████████▉ | 269/300 [42:42<04:13,  8.19s/it]
Processing files:  90%|█████████ | 270/300 [42:50<04:02,  8.09s/it]
Processing files:  90%|█████████ | 271/300 [42:58<03:55,  8.12s/it]
Processing files:  91%|█████████ | 272/300 [43:06<03:49,  8.19s/it]
Processing files:  91%|█████████ | 273/300 [43:14<03:40,  8.16s/it]
Processing files:  91%|█████████▏| 274/300 [43:23<03:32,  8.15s/it]
Processing files:  92%|█████████▏| 275/300 [43:31<03:22,  8.12s/it]
Processing files:  92%|█████████▏| 276/300 [43:39<03:13,  8.05s/it]
Processing files:  92%|█████████▏| 277/300 [43:47<03:05,  8.08s/it]
Processing files:  93%|█████████▎| 278/300 [43:55<02:57,  8.07s/it]
Processing files:  93%|█████████▎| 279/300 [44:03<02:50,  8.11s/it]
Processing files:  93%|█████████▎| 280/300 [44:11<02:42,  8.13s/it]
Processing files:  94%|█████████▎| 281/300 [44:19<02:33,  8.10s/it]
Processing files:  94%|█████████▍| 282/300 [44:28<02:28,  8.23s/it]
Processing files:  94%|█████████▍| 283/300 [44:36<02:18,  8.15s/it]
Processing files:  95%|█████████▍| 284/300 [44:44<02:11,  8.20s/it]
Processing files:  95%|█████████▍| 284/300 [44:44<02:31,  9.45s/it]
Traceback (most recent call last):
  File "/cluster/home/lcarretero/workspace/rds/HEMEW3D/GenCFD-prep/preprocess.py", line 5, in <module>
    process_data(
  File "/cluster/home/lcarretero/workspace/rds/HEMEW3D/GenCFD-prep/preprocessing_utils.py", line 35, in process_data
    process_file(
  File "/cluster/home/lcarretero/workspace/rds/HEMEW3D/GenCFD-prep/preprocessing_utils.py", line 61, in process_file
    trace_df = pd.read_feather(fpath_raw)
               ^^^^^^^^^^^^^^^^^^^^^^^^^^
  File "/cluster/software/stacks/2024-06/spack/opt/spack/linux-ubuntu22.04-x86_64_v3/gcc-12.2.0/python-3.11.6-ukhwpjnwzzzizek3pgr75zkbhxros5fq/lib/python3.11/site-packages/pandas/io/feather_format.py", line 124, in read_feather
    return feather.read_feather(
           ^^^^^^^^^^^^^^^^^^^^^
  File "/cluster/home/lcarretero/python_envs/rds-misc/lib/python3.11/site-packages/pyarrow/feather.py", line 226, in read_feather
    return (read_table(
            ^^^^^^^^^^^
  File "/cluster/home/lcarretero/python_envs/rds-misc/lib/python3.11/site-packages/pyarrow/feather.py", line 252, in read_table
    reader = _feather.FeatherReader(
             ^^^^^^^^^^^^^^^^^^^^^^^
  File "pyarrow/_feather.pyx", line 79, in pyarrow._feather.FeatherReader.__cinit__
  File "pyarrow/error.pxi", line 155, in pyarrow.lib.pyarrow_internal_check_status
  File "pyarrow/error.pxi", line 92, in pyarrow.lib.check_status
pyarrow.lib.ArrowInvalid: Not an Arrow file
:- Preprocessing job completed.
